Info: Starting: Create block symbol file (.bsf)
Info: qsys-generate C:\Users\eligr\Desktop\ECE150_ECE178_Final_Project\ECE150_gitAdd\ECE_150_Project\unsaved.qsys --block-symbol-file --output-directory=C:\Users\eligr\Desktop\ECE150_ECE178_Final_Project\ECE150_gitAdd\ECE_150_Project\unsaved --family="Cyclone IV E" --part=EP4CE115F29C7
Progress: Loading ECE_150_Project/unsaved.qsys
Progress: Reading input file
Progress: Adding Nios2_A [subsystemA 1.0]
Progress: Parameterizing module Nios2_A
Progress: Adding Nios2_B [subsystemB 1.0]
Progress: Parameterizing module Nios2_B
Progress: Adding clk_0 [clock_source 16.1]
Progress: Parameterizing module clk_0
Progress: Building connections
Progress: Parameterizing connections
Progress: Validating
Progress: Done reading input file
Info: unsaved.Nios2_A.jtag_uart_0: JTAG UART IP input clock need to be at least double (2x) the operating frequency of JTAG TCK on board
Info: unsaved.Nios2_A.key: PIO inputs are not hardwired in test bench. Undefined values will be read from PIO inputs during simulation.
Info: unsaved.Nios2_A.sdram: SDRAM Controller will only be supported in Quartus Prime Standard Edition in the future release.
Info: unsaved.Nios2_A.switches: PIO inputs are not hardwired in test bench. Undefined values will be read from PIO inputs during simulation.
Info: unsaved.Nios2_A.sysid_qsys_0: System ID is not assigned automatically. Edit the System ID parameter to provide a unique ID
Info: unsaved.Nios2_A.sysid_qsys_0: Time stamp will be automatically updated when this component is generated.
Info: unsaved.Nios2_B.jtag_uart_0: JTAG UART IP input clock need to be at least double (2x) the operating frequency of JTAG TCK on board
Info: unsaved.Nios2_B.sysid_qsys_0: System ID is not assigned automatically. Edit the System ID parameter to provide a unique ID
Info: unsaved.Nios2_B.sysid_qsys_0: Time stamp will be automatically updated when this component is generated.
Info: qsys-generate succeeded.
Info: Finished: Create block symbol file (.bsf)
Info: 
Info: Starting: Create HDL design files for synthesis
Info: qsys-generate C:\Users\eligr\Desktop\ECE150_ECE178_Final_Project\ECE150_gitAdd\ECE_150_Project\unsaved.qsys --synthesis=VERILOG --output-directory=C:\Users\eligr\Desktop\ECE150_ECE178_Final_Project\ECE150_gitAdd\ECE_150_Project\unsaved\synthesis --family="Cyclone IV E" --part=EP4CE115F29C7
Progress: Loading ECE_150_Project/unsaved.qsys
Progress: Reading input file
Progress: Adding Nios2_A [subsystemA 1.0]
Progress: Parameterizing module Nios2_A
Progress: Adding Nios2_B [subsystemB 1.0]
Progress: Parameterizing module Nios2_B
Progress: Adding clk_0 [clock_source 16.1]
Progress: Parameterizing module clk_0
Progress: Building connections
Progress: Parameterizing connections
Progress: Validating
Progress: Done reading input file
Info: unsaved.Nios2_A.jtag_uart_0: JTAG UART IP input clock need to be at least double (2x) the operating frequency of JTAG TCK on board
Info: unsaved.Nios2_A.key: PIO inputs are not hardwired in test bench. Undefined values will be read from PIO inputs during simulation.
Info: unsaved.Nios2_A.sdram: SDRAM Controller will only be supported in Quartus Prime Standard Edition in the future release.
Info: unsaved.Nios2_A.switches: PIO inputs are not hardwired in test bench. Undefined values will be read from PIO inputs during simulation.
Info: unsaved.Nios2_A.sysid_qsys_0: System ID is not assigned automatically. Edit the System ID parameter to provide a unique ID
Info: unsaved.Nios2_A.sysid_qsys_0: Time stamp will be automatically updated when this component is generated.
Info: unsaved.Nios2_B.jtag_uart_0: JTAG UART IP input clock need to be at least double (2x) the operating frequency of JTAG TCK on board
Info: unsaved.Nios2_B.sysid_qsys_0: System ID is not assigned automatically. Edit the System ID parameter to provide a unique ID
Info: unsaved.Nios2_B.sysid_qsys_0: Time stamp will be automatically updated when this component is generated.
Info: unsaved: Generating unsaved "unsaved" for QUARTUS_SYNTH
Info: Nios2_A: "unsaved" instantiated subsystemA "Nios2_A"
Info: Nios2_B: "unsaved" instantiated subsystemB "Nios2_B"
Info: HEX_0: Starting RTL generation for module 'unsaved_Nios2_A_HEX_0'
Info: HEX_0:   Generation command is [exec C:/intelfpga_lite/16.1/quartus/bin64/perl/bin/perl.exe -I C:/intelfpga_lite/16.1/quartus/bin64/perl/lib -I C:/intelfpga_lite/16.1/quartus/sopc_builder/bin/europa -I C:/intelfpga_lite/16.1/quartus/sopc_builder/bin/perl_lib -I C:/intelfpga_lite/16.1/quartus/sopc_builder/bin -I C:/intelfpga_lite/16.1/quartus/../ip/altera/sopc_builder_ip/common -I C:/intelfpga_lite/16.1/quartus/../ip/altera/sopc_builder_ip/altera_avalon_pio -- C:/intelfpga_lite/16.1/quartus/../ip/altera/sopc_builder_ip/altera_avalon_pio/generate_rtl.pl --name=unsaved_Nios2_A_HEX_0 --dir=C:/Users/eligr/AppData/Local/Temp/alt8962_6744324949154851100.dir/0101_HEX_0_gen/ --quartus_dir=C:/intelfpga_lite/16.1/quartus --verilog --config=C:/Users/eligr/AppData/Local/Temp/alt8962_6744324949154851100.dir/0101_HEX_0_gen//unsaved_Nios2_A_HEX_0_component_configuration.pl  --do_build_sim=0  ]
Info: HEX_0: Done RTL generation for module 'unsaved_Nios2_A_HEX_0'
Info: HEX_0: "Nios2_A" instantiated altera_avalon_pio "HEX_0"
Info: LEDG: Starting RTL generation for module 'unsaved_Nios2_A_LEDG'
Info: LEDG:   Generation command is [exec C:/intelfpga_lite/16.1/quartus/bin64/perl/bin/perl.exe -I C:/intelfpga_lite/16.1/quartus/bin64/perl/lib -I C:/intelfpga_lite/16.1/quartus/sopc_builder/bin/europa -I C:/intelfpga_lite/16.1/quartus/sopc_builder/bin/perl_lib -I C:/intelfpga_lite/16.1/quartus/sopc_builder/bin -I C:/intelfpga_lite/16.1/quartus/../ip/altera/sopc_builder_ip/common -I C:/intelfpga_lite/16.1/quartus/../ip/altera/sopc_builder_ip/altera_avalon_pio -- C:/intelfpga_lite/16.1/quartus/../ip/altera/sopc_builder_ip/altera_avalon_pio/generate_rtl.pl --name=unsaved_Nios2_A_LEDG --dir=C:/Users/eligr/AppData/Local/Temp/alt8962_6744324949154851100.dir/0102_LEDG_gen/ --quartus_dir=C:/intelfpga_lite/16.1/quartus --verilog --config=C:/Users/eligr/AppData/Local/Temp/alt8962_6744324949154851100.dir/0102_LEDG_gen//unsaved_Nios2_A_LEDG_component_configuration.pl  --do_build_sim=0  ]
Info: LEDG: Done RTL generation for module 'unsaved_Nios2_A_LEDG'
Info: LEDG: "Nios2_A" instantiated altera_avalon_pio "LEDG"
Info: LEDR: Starting RTL generation for module 'unsaved_Nios2_A_LEDR'
Info: LEDR:   Generation command is [exec C:/intelfpga_lite/16.1/quartus/bin64/perl/bin/perl.exe -I C:/intelfpga_lite/16.1/quartus/bin64/perl/lib -I C:/intelfpga_lite/16.1/quartus/sopc_builder/bin/europa -I C:/intelfpga_lite/16.1/quartus/sopc_builder/bin/perl_lib -I C:/intelfpga_lite/16.1/quartus/sopc_builder/bin -I C:/intelfpga_lite/16.1/quartus/../ip/altera/sopc_builder_ip/common -I C:/intelfpga_lite/16.1/quartus/../ip/altera/sopc_builder_ip/altera_avalon_pio -- C:/intelfpga_lite/16.1/quartus/../ip/altera/sopc_builder_ip/altera_avalon_pio/generate_rtl.pl --name=unsaved_Nios2_A_LEDR --dir=C:/Users/eligr/AppData/Local/Temp/alt8962_6744324949154851100.dir/0103_LEDR_gen/ --quartus_dir=C:/intelfpga_lite/16.1/quartus --verilog --config=C:/Users/eligr/AppData/Local/Temp/alt8962_6744324949154851100.dir/0103_LEDR_gen//unsaved_Nios2_A_LEDR_component_configuration.pl  --do_build_sim=0  ]
Info: LEDR: Done RTL generation for module 'unsaved_Nios2_A_LEDR'
Info: LEDR: "Nios2_A" instantiated altera_avalon_pio "LEDR"
Info: avalon_aes_interface_0: "Nios2_A" instantiated avalon_aes_interface "avalon_aes_interface_0"
Info: highres: Starting RTL generation for module 'unsaved_Nios2_A_highres'
Info: highres:   Generation command is [exec C:/intelFPGA_lite/16.1/quartus/bin64//perl/bin/perl.exe -I C:/intelFPGA_lite/16.1/quartus/bin64//perl/lib -I C:/intelfpga_lite/16.1/quartus/sopc_builder/bin/europa -I C:/intelfpga_lite/16.1/quartus/sopc_builder/bin/perl_lib -I C:/intelfpga_lite/16.1/quartus/sopc_builder/bin -I C:/intelfpga_lite/16.1/quartus/../ip/altera/sopc_builder_ip/common -I C:/intelfpga_lite/16.1/quartus/../ip/altera/sopc_builder_ip/altera_avalon_timer -- C:/intelfpga_lite/16.1/quartus/../ip/altera/sopc_builder_ip/altera_avalon_timer/generate_rtl.pl --name=unsaved_Nios2_A_highres --dir=C:/Users/eligr/AppData/Local/Temp/alt8962_6744324949154851100.dir/0105_highres_gen/ --quartus_dir=C:/intelfpga_lite/16.1/quartus --verilog --config=C:/Users/eligr/AppData/Local/Temp/alt8962_6744324949154851100.dir/0105_highres_gen//unsaved_Nios2_A_highres_component_configuration.pl  --do_build_sim=0  ]
Info: highres: Done RTL generation for module 'unsaved_Nios2_A_highres'
Info: highres: "Nios2_A" instantiated altera_avalon_timer "highres"
Info: jtag_uart_0: Starting RTL generation for module 'unsaved_Nios2_A_jtag_uart_0'
Info: jtag_uart_0:   Generation command is [exec C:/intelfpga_lite/16.1/quartus/bin64/perl/bin/perl.exe -I C:/intelfpga_lite/16.1/quartus/bin64/perl/lib -I C:/intelfpga_lite/16.1/quartus/sopc_builder/bin/europa -I C:/intelfpga_lite/16.1/quartus/sopc_builder/bin/perl_lib -I C:/intelfpga_lite/16.1/quartus/sopc_builder/bin -I C:/intelfpga_lite/16.1/quartus/../ip/altera/sopc_builder_ip/common -I C:/intelfpga_lite/16.1/quartus/../ip/altera/sopc_builder_ip/altera_avalon_jtag_uart -- C:/intelfpga_lite/16.1/quartus/../ip/altera/sopc_builder_ip/altera_avalon_jtag_uart/generate_rtl.pl --name=unsaved_Nios2_A_jtag_uart_0 --dir=C:/Users/eligr/AppData/Local/Temp/alt8962_6744324949154851100.dir/0106_jtag_uart_0_gen/ --quartus_dir=C:/intelfpga_lite/16.1/quartus --verilog --config=C:/Users/eligr/AppData/Local/Temp/alt8962_6744324949154851100.dir/0106_jtag_uart_0_gen//unsaved_Nios2_A_jtag_uart_0_component_configuration.pl  --do_build_sim=0  ]
Info: jtag_uart_0: Done RTL generation for module 'unsaved_Nios2_A_jtag_uart_0'
Info: jtag_uart_0: "Nios2_A" instantiated altera_avalon_jtag_uart "jtag_uart_0"
Info: key: Starting RTL generation for module 'unsaved_Nios2_A_key'
Info: key:   Generation command is [exec C:/intelfpga_lite/16.1/quartus/bin64/perl/bin/perl.exe -I C:/intelfpga_lite/16.1/quartus/bin64/perl/lib -I C:/intelfpga_lite/16.1/quartus/sopc_builder/bin/europa -I C:/intelfpga_lite/16.1/quartus/sopc_builder/bin/perl_lib -I C:/intelfpga_lite/16.1/quartus/sopc_builder/bin -I C:/intelfpga_lite/16.1/quartus/../ip/altera/sopc_builder_ip/common -I C:/intelfpga_lite/16.1/quartus/../ip/altera/sopc_builder_ip/altera_avalon_pio -- C:/intelfpga_lite/16.1/quartus/../ip/altera/sopc_builder_ip/altera_avalon_pio/generate_rtl.pl --name=unsaved_Nios2_A_key --dir=C:/Users/eligr/AppData/Local/Temp/alt8962_6744324949154851100.dir/0107_key_gen/ --quartus_dir=C:/intelfpga_lite/16.1/quartus --verilog --config=C:/Users/eligr/AppData/Local/Temp/alt8962_6744324949154851100.dir/0107_key_gen//unsaved_Nios2_A_key_component_configuration.pl  --do_build_sim=0  ]
Info: key: Done RTL generation for module 'unsaved_Nios2_A_key'
Info: key: "Nios2_A" instantiated altera_avalon_pio "key"
Info: nios2_gen2_0: "Nios2_A" instantiated altera_nios2_gen2 "nios2_gen2_0"
Info: sdram: Starting RTL generation for module 'unsaved_Nios2_A_sdram'
Info: sdram:   Generation command is [exec C:/intelfpga_lite/16.1/quartus/bin64/perl/bin/perl.exe -I C:/intelfpga_lite/16.1/quartus/bin64/perl/lib -I C:/intelfpga_lite/16.1/quartus/sopc_builder/bin/europa -I C:/intelfpga_lite/16.1/quartus/sopc_builder/bin/perl_lib -I C:/intelfpga_lite/16.1/quartus/sopc_builder/bin -I C:/intelfpga_lite/16.1/quartus/../ip/altera/sopc_builder_ip/common -I C:/intelfpga_lite/16.1/quartus/../ip/altera/sopc_builder_ip/altera_avalon_new_sdram_controller -- C:/intelfpga_lite/16.1/quartus/../ip/altera/sopc_builder_ip/altera_avalon_new_sdram_controller/generate_rtl.pl --name=unsaved_Nios2_A_sdram --dir=C:/Users/eligr/AppData/Local/Temp/alt8962_6744324949154851100.dir/0108_sdram_gen/ --quartus_dir=C:/intelfpga_lite/16.1/quartus --verilog --config=C:/Users/eligr/AppData/Local/Temp/alt8962_6744324949154851100.dir/0108_sdram_gen//unsaved_Nios2_A_sdram_component_configuration.pl  --do_build_sim=0  ]
Info: sdram: Done RTL generation for module 'unsaved_Nios2_A_sdram'
Info: sdram: "Nios2_A" instantiated altera_avalon_new_sdram_controller "sdram"
Info: switches: Starting RTL generation for module 'unsaved_Nios2_A_switches'
Info: switches:   Generation command is [exec C:/intelfpga_lite/16.1/quartus/bin64/perl/bin/perl.exe -I C:/intelfpga_lite/16.1/quartus/bin64/perl/lib -I C:/intelfpga_lite/16.1/quartus/sopc_builder/bin/europa -I C:/intelfpga_lite/16.1/quartus/sopc_builder/bin/perl_lib -I C:/intelfpga_lite/16.1/quartus/sopc_builder/bin -I C:/intelfpga_lite/16.1/quartus/../ip/altera/sopc_builder_ip/common -I C:/intelfpga_lite/16.1/quartus/../ip/altera/sopc_builder_ip/altera_avalon_pio -- C:/intelfpga_lite/16.1/quartus/../ip/altera/sopc_builder_ip/altera_avalon_pio/generate_rtl.pl --name=unsaved_Nios2_A_switches --dir=C:/Users/eligr/AppData/Local/Temp/alt8962_6744324949154851100.dir/0109_switches_gen/ --quartus_dir=C:/intelfpga_lite/16.1/quartus --verilog --config=C:/Users/eligr/AppData/Local/Temp/alt8962_6744324949154851100.dir/0109_switches_gen//unsaved_Nios2_A_switches_component_configuration.pl  --do_build_sim=0  ]
Info: switches: Done RTL generation for module 'unsaved_Nios2_A_switches'
Info: switches: "Nios2_A" instantiated altera_avalon_pio "switches"
Info: sysid_qsys_0: "Nios2_A" instantiated altera_avalon_sysid_qsys "sysid_qsys_0"
Info: timer_0: Starting RTL generation for module 'unsaved_Nios2_A_timer_0'
Info: timer_0:   Generation command is [exec C:/intelFPGA_lite/16.1/quartus/bin64//perl/bin/perl.exe -I C:/intelFPGA_lite/16.1/quartus/bin64//perl/lib -I C:/intelfpga_lite/16.1/quartus/sopc_builder/bin/europa -I C:/intelfpga_lite/16.1/quartus/sopc_builder/bin/perl_lib -I C:/intelfpga_lite/16.1/quartus/sopc_builder/bin -I C:/intelfpga_lite/16.1/quartus/../ip/altera/sopc_builder_ip/common -I C:/intelfpga_lite/16.1/quartus/../ip/altera/sopc_builder_ip/altera_avalon_timer -- C:/intelfpga_lite/16.1/quartus/../ip/altera/sopc_builder_ip/altera_avalon_timer/generate_rtl.pl --name=unsaved_Nios2_A_timer_0 --dir=C:/Users/eligr/AppData/Local/Temp/alt8962_6744324949154851100.dir/0111_timer_0_gen/ --quartus_dir=C:/intelfpga_lite/16.1/quartus --verilog --config=C:/Users/eligr/AppData/Local/Temp/alt8962_6744324949154851100.dir/0111_timer_0_gen//unsaved_Nios2_A_timer_0_component_configuration.pl  --do_build_sim=0  ]
Info: timer_0: Done RTL generation for module 'unsaved_Nios2_A_timer_0'
Info: timer_0: "Nios2_A" instantiated altera_avalon_timer "timer_0"
Info: avalon_st_adapter: Inserting error_adapter: error_adapter_0
Info: avalon_st_adapter_001: Inserting error_adapter: error_adapter_0
Info: avalon_st_adapter_002: Inserting error_adapter: error_adapter_0
Info: avalon_st_adapter_003: Inserting error_adapter: error_adapter_0
Info: avalon_st_adapter_004: Inserting error_adapter: error_adapter_0
Info: avalon_st_adapter_005: Inserting error_adapter: error_adapter_0
Info: avalon_st_adapter_006: Inserting error_adapter: error_adapter_0
Info: avalon_st_adapter_007: Inserting error_adapter: error_adapter_0
Info: avalon_st_adapter_008: Inserting error_adapter: error_adapter_0
Info: avalon_st_adapter_009: Inserting error_adapter: error_adapter_0
Info: avalon_st_adapter_010: Inserting error_adapter: error_adapter_0
Info: avalon_st_adapter_011: Inserting error_adapter: error_adapter_0
Info: avalon_st_adapter_012: Inserting error_adapter: error_adapter_0
Info: avalon_st_adapter_013: Inserting error_adapter: error_adapter_0
Info: avalon_st_adapter_014: Inserting error_adapter: error_adapter_0
Info: avalon_st_adapter_015: Inserting error_adapter: error_adapter_0
Info: avalon_st_adapter_016: Inserting error_adapter: error_adapter_0
Info: avalon_st_adapter_017: Inserting error_adapter: error_adapter_0
Info: avalon_st_adapter_018: Inserting error_adapter: error_adapter_0
Info: mm_interconnect_0: "Nios2_A" instantiated altera_mm_interconnect "mm_interconnect_0"
Info: irq_mapper: "Nios2_A" instantiated altera_irq_mapper "irq_mapper"
Info: rst_controller: "Nios2_A" instantiated altera_reset_controller "rst_controller"
Info: nios2_gen2_0: "Nios2_B" instantiated altera_nios2_gen2 "nios2_gen2_0"
Info: onchip_memory2_0: Starting RTL generation for module 'unsaved_Nios2_B_onchip_memory2_0'
Info: onchip_memory2_0:   Generation command is [exec C:/intelfpga_lite/16.1/quartus/bin64/perl/bin/perl.exe -I C:/intelfpga_lite/16.1/quartus/bin64/perl/lib -I C:/intelfpga_lite/16.1/quartus/sopc_builder/bin/europa -I C:/intelfpga_lite/16.1/quartus/sopc_builder/bin/perl_lib -I C:/intelfpga_lite/16.1/quartus/sopc_builder/bin -I C:/intelfpga_lite/16.1/quartus/../ip/altera/sopc_builder_ip/common -I C:/intelfpga_lite/16.1/quartus/../ip/altera/sopc_builder_ip/altera_avalon_onchip_memory2 -- C:/intelfpga_lite/16.1/quartus/../ip/altera/sopc_builder_ip/altera_avalon_onchip_memory2/generate_rtl.pl --name=unsaved_Nios2_B_onchip_memory2_0 --dir=C:/Users/eligr/AppData/Local/Temp/alt8962_6744324949154851100.dir/0114_onchip_memory2_0_gen/ --quartus_dir=C:/intelfpga_lite/16.1/quartus --verilog --config=C:/Users/eligr/AppData/Local/Temp/alt8962_6744324949154851100.dir/0114_onchip_memory2_0_gen//unsaved_Nios2_B_onchip_memory2_0_component_configuration.pl  --do_build_sim=0  ]
Info: onchip_memory2_0: Done RTL generation for module 'unsaved_Nios2_B_onchip_memory2_0'
Info: onchip_memory2_0: "Nios2_B" instantiated altera_avalon_onchip_memory2 "onchip_memory2_0"
Info: ro16_mm_0: "Nios2_B" instantiated ro16_mm "ro16_mm_0"
Info: sysid_qsys_0: "Nios2_B" instantiated altera_avalon_sysid_qsys "sysid_qsys_0"
Info: avalon_st_adapter: Inserting error_adapter: error_adapter_0
Info: avalon_st_adapter_001: Inserting error_adapter: error_adapter_0
Info: avalon_st_adapter_002: Inserting error_adapter: error_adapter_0
Info: avalon_st_adapter_003: Inserting error_adapter: error_adapter_0
Info: avalon_st_adapter_004: Inserting error_adapter: error_adapter_0
Info: avalon_st_adapter_005: Inserting error_adapter: error_adapter_0
Info: mm_interconnect_0: "Nios2_B" instantiated altera_mm_interconnect "mm_interconnect_0"
Info: irq_mapper: "Nios2_B" instantiated altera_irq_mapper "irq_mapper"
Info: cpu: Starting RTL generation for module 'unsaved_Nios2_A_nios2_gen2_0_cpu'
Info: cpu:   Generation command is [exec C:/intelFPGA_lite/16.1/quartus/bin64//eperlcmd.exe -I C:/intelFPGA_lite/16.1/quartus/bin64//perl/lib -I C:/intelfpga_lite/16.1/quartus/sopc_builder/bin/europa -I C:/intelfpga_lite/16.1/quartus/sopc_builder/bin/perl_lib -I C:/intelfpga_lite/16.1/quartus/sopc_builder/bin -I C:/intelfpga_lite/16.1/quartus/../ip/altera/nios2_ip/altera_nios2_gen2/cpu_lib -I C:/intelfpga_lite/16.1/quartus/../ip/altera/nios2_ip/altera_nios2_gen2/nios_lib -I C:/intelfpga_lite/16.1/quartus/../ip/altera/nios2_ip/altera_nios2_gen2 -I C:/intelfpga_lite/16.1/quartus/../ip/altera/nios2_ip/altera_nios2_gen2 -- C:/intelfpga_lite/16.1/quartus/../ip/altera/nios2_ip/altera_nios2_gen2/generate_rtl.epl --name=unsaved_Nios2_A_nios2_gen2_0_cpu --dir=C:/Users/eligr/AppData/Local/Temp/alt8962_6744324949154851100.dir/0118_cpu_gen/ --quartus_bindir=C:/intelFPGA_lite/16.1/quartus/bin64/ --verilog --config=C:/Users/eligr/AppData/Local/Temp/alt8962_6744324949154851100.dir/0118_cpu_gen//unsaved_Nios2_A_nios2_gen2_0_cpu_processor_configuration.pl  --do_build_sim=0  ]
Info: cpu: # 2021.12.01 09:05:42 (*) Starting Nios II generation
Info: cpu: # 2021.12.01 09:05:42 (*)   Checking for plaintext license.
Info: cpu: # 2021.12.01 09:05:42 (*)   Couldn't query license setup in Quartus directory C:/intelFPGA_lite/16.1/quartus/bin64/
Info: cpu: # 2021.12.01 09:05:42 (*)   Defaulting to contents of LM_LICENSE_FILE environment variable
Info: cpu: # 2021.12.01 09:05:42 (*)   LM_LICENSE_FILE environment variable is empty
Info: cpu: # 2021.12.01 09:05:42 (*)   Plaintext license not found.
Info: cpu: # 2021.12.01 09:05:42 (*)   Checking for encrypted license (non-evaluation).
Info: cpu: # 2021.12.01 09:05:42 (*)   Couldn't query license setup in Quartus directory C:/intelFPGA_lite/16.1/quartus/bin64/
Info: cpu: # 2021.12.01 09:05:42 (*)   Defaulting to contents of LM_LICENSE_FILE environment variable
Info: cpu: # 2021.12.01 09:05:42 (*)   LM_LICENSE_FILE environment variable is empty
Info: cpu: # 2021.12.01 09:05:42 (*)   Encrypted license not found.  Defaulting to OCP evaluation license (produces a time-limited SOF)
Info: cpu: # 2021.12.01 09:05:42 (*)   Elaborating CPU configuration settings
Info: cpu: # 2021.12.01 09:05:42 (*)   Creating all objects for CPU
Info: cpu: # 2021.12.01 09:05:42 (*)     Testbench
Info: cpu: # 2021.12.01 09:05:43 (*)     Instruction decoding
Info: cpu: # 2021.12.01 09:05:43 (*)       Instruction fields
Info: cpu: # 2021.12.01 09:05:43 (*)       Instruction decodes
Info: cpu: # 2021.12.01 09:05:44 (*)       Signals for RTL simulation waveforms
Info: cpu: # 2021.12.01 09:05:44 (*)       Instruction controls
Info: cpu: # 2021.12.01 09:05:44 (*)     Pipeline frontend
Info: cpu: # 2021.12.01 09:05:44 (*)     Pipeline backend
Info: cpu: # 2021.12.01 09:05:49 (*)   Generating RTL from CPU objects
Info: cpu: # 2021.12.01 09:05:52 (*)   Creating encrypted RTL
Info: cpu: # 2021.12.01 09:05:53 (*) Done Nios II generation
Info: cpu: Done RTL generation for module 'unsaved_Nios2_A_nios2_gen2_0_cpu'
Info: cpu: "nios2_gen2_0" instantiated altera_nios2_gen2_unit "cpu"
Info: nios2_gen2_0_data_master_translator: "mm_interconnect_0" instantiated altera_merlin_master_translator "nios2_gen2_0_data_master_translator"
Info: avalon_aes_interface_0_AES_Slave_translator: "mm_interconnect_0" instantiated altera_merlin_slave_translator "avalon_aes_interface_0_AES_Slave_translator"
Info: nios2_gen2_0_data_master_agent: "mm_interconnect_0" instantiated altera_merlin_master_agent "nios2_gen2_0_data_master_agent"
Info: avalon_aes_interface_0_AES_Slave_agent: "mm_interconnect_0" instantiated altera_merlin_slave_agent "avalon_aes_interface_0_AES_Slave_agent"
Info: avalon_aes_interface_0_AES_Slave_agent_rsp_fifo: "mm_interconnect_0" instantiated altera_avalon_sc_fifo "avalon_aes_interface_0_AES_Slave_agent_rsp_fifo"
Info: router: "mm_interconnect_0" instantiated altera_merlin_router "router"
Info: router_001: "mm_interconnect_0" instantiated altera_merlin_router "router_001"
Info: router_002: "mm_interconnect_0" instantiated altera_merlin_router "router_002"
Info: router_005: "mm_interconnect_0" instantiated altera_merlin_router "router_005"
Info: nios2_gen2_0_data_master_limiter: "mm_interconnect_0" instantiated altera_merlin_traffic_limiter "nios2_gen2_0_data_master_limiter"
Info: Reusing file C:/Users/eligr/Desktop/ECE150_ECE178_Final_Project/ECE150_gitAdd/ECE_150_Project/unsaved/synthesis/submodules/altera_avalon_sc_fifo.v
Info: cmd_demux: "mm_interconnect_0" instantiated altera_merlin_demultiplexer "cmd_demux"
Info: cmd_demux_001: "mm_interconnect_0" instantiated altera_merlin_demultiplexer "cmd_demux_001"
Info: cmd_mux: "mm_interconnect_0" instantiated altera_merlin_multiplexer "cmd_mux"
Info: cmd_mux_003: "mm_interconnect_0" instantiated altera_merlin_multiplexer "cmd_mux_003"
Info: Reusing file C:/Users/eligr/Desktop/ECE150_ECE178_Final_Project/ECE150_gitAdd/ECE_150_Project/unsaved/synthesis/submodules/altera_merlin_arbitrator.sv
Info: rsp_demux: "mm_interconnect_0" instantiated altera_merlin_demultiplexer "rsp_demux"
Info: rsp_demux_003: "mm_interconnect_0" instantiated altera_merlin_demultiplexer "rsp_demux_003"
Info: rsp_mux: "mm_interconnect_0" instantiated altera_merlin_multiplexer "rsp_mux"
Info: Reusing file C:/Users/eligr/Desktop/ECE150_ECE178_Final_Project/ECE150_gitAdd/ECE_150_Project/unsaved/synthesis/submodules/altera_merlin_arbitrator.sv
Info: rsp_mux_001: "mm_interconnect_0" instantiated altera_merlin_multiplexer "rsp_mux_001"
Info: Reusing file C:/Users/eligr/Desktop/ECE150_ECE178_Final_Project/ECE150_gitAdd/ECE_150_Project/unsaved/synthesis/submodules/altera_merlin_arbitrator.sv
Info: avalon_st_adapter: "mm_interconnect_0" instantiated altera_avalon_st_adapter "avalon_st_adapter"
Info: cpu: Starting RTL generation for module 'unsaved_Nios2_B_nios2_gen2_0_cpu'
Info: cpu:   Generation command is [exec C:/intelFPGA_lite/16.1/quartus/bin64//eperlcmd.exe -I C:/intelFPGA_lite/16.1/quartus/bin64//perl/lib -I C:/intelfpga_lite/16.1/quartus/sopc_builder/bin/europa -I C:/intelfpga_lite/16.1/quartus/sopc_builder/bin/perl_lib -I C:/intelfpga_lite/16.1/quartus/sopc_builder/bin -I C:/intelfpga_lite/16.1/quartus/../ip/altera/nios2_ip/altera_nios2_gen2/cpu_lib -I C:/intelfpga_lite/16.1/quartus/../ip/altera/nios2_ip/altera_nios2_gen2/nios_lib -I C:/intelfpga_lite/16.1/quartus/../ip/altera/nios2_ip/altera_nios2_gen2 -I C:/intelfpga_lite/16.1/quartus/../ip/altera/nios2_ip/altera_nios2_gen2 -- C:/intelfpga_lite/16.1/quartus/../ip/altera/nios2_ip/altera_nios2_gen2/generate_rtl.epl --name=unsaved_Nios2_B_nios2_gen2_0_cpu --dir=C:/Users/eligr/AppData/Local/Temp/alt8962_6744324949154851100.dir/0137_cpu_gen/ --quartus_bindir=C:/intelFPGA_lite/16.1/quartus/bin64/ --verilog --config=C:/Users/eligr/AppData/Local/Temp/alt8962_6744324949154851100.dir/0137_cpu_gen//unsaved_Nios2_B_nios2_gen2_0_cpu_processor_configuration.pl  --do_build_sim=0  ]
Info: cpu: # 2021.12.01 09:05:57 (*) Starting Nios II generation
Info: cpu: # 2021.12.01 09:05:57 (*)   Checking for plaintext license.
Info: cpu: # 2021.12.01 09:05:57 (*)   Couldn't query license setup in Quartus directory C:/intelFPGA_lite/16.1/quartus/bin64/
Info: cpu: # 2021.12.01 09:05:57 (*)   Defaulting to contents of LM_LICENSE_FILE environment variable
Info: cpu: # 2021.12.01 09:05:57 (*)   LM_LICENSE_FILE environment variable is empty
Info: cpu: # 2021.12.01 09:05:57 (*)   Plaintext license not found.
Info: cpu: # 2021.12.01 09:05:57 (*)   Checking for encrypted license (non-evaluation).
Info: cpu: # 2021.12.01 09:05:57 (*)   Couldn't query license setup in Quartus directory C:/intelFPGA_lite/16.1/quartus/bin64/
Info: cpu: # 2021.12.01 09:05:57 (*)   Defaulting to contents of LM_LICENSE_FILE environment variable
Info: cpu: # 2021.12.01 09:05:57 (*)   LM_LICENSE_FILE environment variable is empty
Info: cpu: # 2021.12.01 09:05:57 (*)   Encrypted license not found.  Defaulting to OCP evaluation license (produces a time-limited SOF)
Info: cpu: # 2021.12.01 09:05:57 (*)   Elaborating CPU configuration settings
Info: cpu: # 2021.12.01 09:05:57 (*)   Creating all objects for CPU
Info: cpu: # 2021.12.01 09:05:57 (*)     Testbench
Info: cpu: # 2021.12.01 09:05:58 (*)     Instruction decoding
Info: cpu: # 2021.12.01 09:05:58 (*)       Instruction fields
Info: cpu: # 2021.12.01 09:05:58 (*)       Instruction decodes
Info: cpu: # 2021.12.01 09:05:59 (*)       Signals for RTL simulation waveforms
Info: cpu: # 2021.12.01 09:05:59 (*)       Instruction controls
Info: cpu: # 2021.12.01 09:05:59 (*)     Pipeline frontend
Info: cpu: # 2021.12.01 09:05:59 (*)     Pipeline backend
Info: cpu: # 2021.12.01 09:06:04 (*)   Generating RTL from CPU objects
Info: cpu: # 2021.12.01 09:06:07 (*)   Creating encrypted RTL
Info: cpu: # 2021.12.01 09:06:08 (*) Done Nios II generation
Info: cpu: Done RTL generation for module 'unsaved_Nios2_B_nios2_gen2_0_cpu'
Info: cpu: "nios2_gen2_0" instantiated altera_nios2_gen2_unit "cpu"
Info: router: "mm_interconnect_0" instantiated altera_merlin_router "router"
Info: router_001: "mm_interconnect_0" instantiated altera_merlin_router "router_001"
Info: router_002: "mm_interconnect_0" instantiated altera_merlin_router "router_002"
Info: router_005: "mm_interconnect_0" instantiated altera_merlin_router "router_005"
Info: cmd_demux: "mm_interconnect_0" instantiated altera_merlin_demultiplexer "cmd_demux"
Info: cmd_demux_001: "mm_interconnect_0" instantiated altera_merlin_demultiplexer "cmd_demux_001"
Info: cmd_mux: "mm_interconnect_0" instantiated altera_merlin_multiplexer "cmd_mux"
Info: Reusing file C:/Users/eligr/Desktop/ECE150_ECE178_Final_Project/ECE150_gitAdd/ECE_150_Project/unsaved/synthesis/submodules/altera_merlin_arbitrator.sv
Info: cmd_mux_003: "mm_interconnect_0" instantiated altera_merlin_multiplexer "cmd_mux_003"
Info: Reusing file C:/Users/eligr/Desktop/ECE150_ECE178_Final_Project/ECE150_gitAdd/ECE_150_Project/unsaved/synthesis/submodules/altera_merlin_arbitrator.sv
Info: rsp_demux: "mm_interconnect_0" instantiated altera_merlin_demultiplexer "rsp_demux"
Info: rsp_demux_003: "mm_interconnect_0" instantiated altera_merlin_demultiplexer "rsp_demux_003"
Info: rsp_mux: "mm_interconnect_0" instantiated altera_merlin_multiplexer "rsp_mux"
Info: Reusing file C:/Users/eligr/Desktop/ECE150_ECE178_Final_Project/ECE150_gitAdd/ECE_150_Project/unsaved/synthesis/submodules/altera_merlin_arbitrator.sv
Info: rsp_mux_001: "mm_interconnect_0" instantiated altera_merlin_multiplexer "rsp_mux_001"
Info: Reusing file C:/Users/eligr/Desktop/ECE150_ECE178_Final_Project/ECE150_gitAdd/ECE_150_Project/unsaved/synthesis/submodules/altera_merlin_arbitrator.sv
Info: error_adapter_0: "avalon_st_adapter" instantiated error_adapter "error_adapter_0"
Info: unsaved: Done "unsaved" with 58 modules, 98 files
Info: qsys-generate succeeded.
Info: Finished: Create HDL design files for synthesis
